#
# There is insufficient memory for the Java Runtime Environment to continue.
# Native memory allocation (malloc) failed to allocate 112416 bytes for Chunk::new
# Possible reasons:
#   The system is out of physical RAM or swap space
#   In 32 bit mode, the process size limit was hit
# Possible solutions:
#   Reduce memory load on the system
#   Increase physical memory or swap space
#   Check if swap backing store is full
#   Use 64 bit Java on a 64 bit OS
#   Decrease Java heap size (-Xmx/-Xms)
#   Decrease number of Java threads
#   Decrease Java thread stack sizes (-Xss)
#   Set larger code cache with -XX:ReservedCodeCacheSize=
# This output file may be truncated or incomplete.
#
#  Out of Memory Error (allocation.cpp:390), pid=26464, tid=0x00000000000027c8
#
# JRE version: Java(TM) SE Runtime Environment (8.0_101-b13) (build 1.8.0_101-b13)
# Java VM: Java HotSpot(TM) 64-Bit Server VM (25.101-b13 mixed mode windows-amd64 compressed oops)
# Failed to write core dump. Minidumps are not enabled by default on client versions of Windows
#

---------------  T H R E A D  ---------------

Current thread (0x000000001bbbf000):  JavaThread "C2 CompilerThread0" daemon [_thread_in_native, id=10184, stack(0x000000001d6f0000,0x000000001d7f0000)]

Stack: [0x000000001d6f0000,0x000000001d7f0000]
[error occurred during error reporting (printing stack bounds), id 0xc0000005]

Native frames: (J=compiled Java code, j=interpreted, Vv=VM code, C=native code)


Current CompileTask:
C2: 161438 3649       4       sun.nio.cs.UTF_8$Encoder::encodeArrayLoop (489 bytes)


---------------  P R O C E S S  ---------------

Java Threads: ( => current thread )
  0x000000001eb19000 JavaThread "Exec Stream Pumper" daemon [_thread_in_native, id=10620, stack(0x00000000230b0000,0x00000000231b0000)]
  0x000000001e8b0800 JavaThread "Exec Stream Pumper" daemon [_thread_in_native, id=24100, stack(0x0000000022fb0000,0x00000000230b0000)]
  0x000000001d272000 JavaThread "Service Thread" daemon [_thread_blocked, id=9692, stack(0x000000001d9f0000,0x000000001daf0000)]
  0x000000001bbec800 JavaThread "C1 CompilerThread2" daemon [_thread_blocked, id=31620, stack(0x000000001d8f0000,0x000000001d9f0000)]
  0x000000001bbeb000 JavaThread "C2 CompilerThread1" daemon [_thread_blocked, id=22684, stack(0x000000001d7f0000,0x000000001d8f0000)]
=>0x000000001bbbf000 JavaThread "C2 CompilerThread0" daemon [_thread_in_native, id=10184, stack(0x000000001d6f0000,0x000000001d7f0000)]
  0x000000001d233000 JavaThread "Monitor Ctrl-Break" daemon [_thread_in_native, id=25644, stack(0x000000001d5f0000,0x000000001d6f0000)]
  0x000000001bb90000 JavaThread "Attach Listener" daemon [_thread_blocked, id=27984, stack(0x000000001d0f0000,0x000000001d1f0000)]
  0x000000001bb8c800 JavaThread "Signal Dispatcher" daemon [_thread_blocked, id=28844, stack(0x000000001cff0000,0x000000001d0f0000)]
  0x000000001bb7a800 JavaThread "Finalizer" daemon [_thread_blocked, id=18236, stack(0x000000001cdf0000,0x000000001cef0000)]
  0x00000000025a1800 JavaThread "Reference Handler" daemon [_thread_blocked, id=32292, stack(0x000000001ccf0000,0x000000001cdf0000)]
  0x00000000024b2800 JavaThread "main" [_thread_in_native, id=5648, stack(0x0000000002280000,0x0000000002380000)]

Other Threads:
  0x000000001bb57800 VMThread [stack: 0x000000001cbf0000,0x000000001ccf0000] [id=12380]
  0x000000001d291000 WatcherThread [stack: 0x000000001daf0000,0x000000001dbf0000] [id=11724]

VM state:not at safepoint (normal execution)

VM Mutex/Monitor currently owned by a thread: None

Heap:
 PSYoungGen      total 76288K, used 22732K [0x000000076b380000, 0x0000000776080000, 0x00000007c0000000)
  eden space 65536K, 18% used [0x000000076b380000,0x000000076bf3b388,0x000000076f380000)
  from space 10752K, 99% used [0x000000076f380000,0x000000076fdf8020,0x000000076fe00000)
  to   space 23040K, 0% used [0x0000000774a00000,0x0000000774a00000,0x0000000776080000)
 ParOldGen       total 175104K, used 21843K [0x00000006c1a00000, 0x00000006cc500000, 0x000000076b380000)
  object space 175104K, 12% used [0x00000006c1a00000,0x00000006c2f54ec0,0x00000006cc500000)
 Metaspace       used 17761K, capacity 18184K, committed 18304K, reserved 1064960K
  class space    used 2038K, capacity 2151K, committed 2176K, reserved 1048576K

Card table byte_map: [0x0000000011970000,0x0000000012170000] byte_map_base: 0x000000000e363000

Marking Bits: (ParMarkBitMap*) 0x00000000538ca6d0
 Begin Bits: [0x0000000012ac0000, 0x0000000016a58000)
 End Bits:   [0x0000000016a58000, 0x000000001a9f0000)

Polling page: 0x0000000000510000

CodeCache: size=245760Kb used=11923Kb max_used=13442Kb free=233836Kb
 bounds [0x00000000025b0000, 0x0000000003330000, 0x00000000115b0000]
 total_blobs=3639 nmethods=3265 adapters=286
 compilation: enabled

Compilation events (10 events):
Event: 161.398 Thread 0x000000001bbeb000 nmethod 3644 0x00000000031d9d50 code [0x00000000031d9e80, 0x00000000031d9ed8]
Event: 161.401 Thread 0x000000001bbec800 3645       3       sun.nio.cs.UTF_8$Encoder::encodeArrayLoop (489 bytes)
Event: 161.401 Thread 0x000000001bbbf000 3646       4       java.nio.CharBuffer::array (35 bytes)
Event: 161.401 Thread 0x000000001bbeb000 3647       4       sun.nio.cs.UTF_8::access$200 (8 bytes)
Event: 161.402 Thread 0x000000001bbbf000 nmethod 3646 0x00000000031e1990 code [0x00000000031e1ac0, 0x00000000031e1b58]
Event: 161.403 Thread 0x000000001bbbf000 3648       4       java.nio.ByteBuffer::array (35 bytes)
Event: 161.404 Thread 0x000000001bbbf000 nmethod 3648 0x0000000003200450 code [0x0000000003200580, 0x0000000003200618]
Event: 161.405 Thread 0x000000001bbec800 nmethod 3645 0x00000000027c3890 code [0x00000000027c3e00, 0x00000000027c7488]
Event: 161.405 Thread 0x000000001bbeb000 nmethod 3647 0x000000000279aed0 code [0x000000000279b040, 0x000000000279b318]
Event: 161.432 Thread 0x000000001bbbf000 3649       4       sun.nio.cs.UTF_8$Encoder::encodeArrayLoop (489 bytes)

GC Heap History (10 events):
Event: 4.441 GC heap before
{Heap before GC invocations=1 (full 0):
 PSYoungGen      total 76288K, used 65536K [0x000000076b380000, 0x0000000770880000, 0x00000007c0000000)
  eden space 65536K, 100% used [0x000000076b380000,0x000000076f380000,0x000000076f380000)
  from space 10752K, 0% used [0x000000076fe00000,0x000000076fe00000,0x0000000770880000)
  to   space 10752K, 0% used [0x000000076f380000,0x000000076f380000,0x000000076fe00000)
 ParOldGen       total 175104K, used 0K [0x00000006c1a00000, 0x00000006cc500000, 0x000000076b380000)
  object space 175104K, 0% used [0x00000006c1a00000,0x00000006c1a00000,0x00000006cc500000)
 Metaspace       used 11204K, capacity 11338K, committed 11520K, reserved 1058816K
  class space    used 1352K, capacity 1414K, committed 1536K, reserved 1048576K
Event: 4.451 GC heap after
Heap after GC invocations=1 (full 0):
 PSYoungGen      total 76288K, used 9011K [0x000000076b380000, 0x0000000770880000, 0x00000007c0000000)
  eden space 65536K, 0% used [0x000000076b380000,0x000000076b380000,0x000000076f380000)
  from space 10752K, 83% used [0x000000076f380000,0x000000076fc4cf68,0x000000076fe00000)
  to   space 10752K, 0% used [0x000000076fe00000,0x000000076fe00000,0x0000000770880000)
 ParOldGen       total 175104K, used 16K [0x00000006c1a00000, 0x00000006cc500000, 0x000000076b380000)
  object space 175104K, 0% used [0x00000006c1a00000,0x00000006c1a04000,0x00000006cc500000)
 Metaspace       used 11204K, capacity 11338K, committed 11520K, reserved 1058816K
  class space    used 1352K, capacity 1414K, committed 1536K, reserved 1048576K
}
Event: 6.306 GC heap before
{Heap before GC invocations=2 (full 0):
 PSYoungGen      total 76288K, used 74547K [0x000000076b380000, 0x0000000770880000, 0x00000007c0000000)
  eden space 65536K, 100% used [0x000000076b380000,0x000000076f380000,0x000000076f380000)
  from space 10752K, 83% used [0x000000076f380000,0x000000076fc4cf68,0x000000076fe00000)
  to   space 10752K, 0% used [0x000000076fe00000,0x000000076fe00000,0x0000000770880000)
 ParOldGen       total 175104K, used 16K [0x00000006c1a00000, 0x00000006cc500000, 0x000000076b380000)
  object space 175104K, 0% used [0x00000006c1a00000,0x00000006c1a04000,0x00000006cc500000)
 Metaspace       used 15993K, capacity 16246K, committed 16384K, reserved 1062912K
  class space    used 1907K, capacity 2006K, committed 2048K, reserved 1048576K
Event: 6.325 GC heap after
Heap after GC invocations=2 (full 0):
 PSYoungGen      total 76288K, used 10742K [0x000000076b380000, 0x0000000770880000, 0x00000007c0000000)
  eden space 65536K, 0% used [0x000000076b380000,0x000000076b380000,0x000000076f380000)
  from space 10752K, 99% used [0x000000076fe00000,0x000000077087d968,0x0000000770880000)
  to   space 10752K, 0% used [0x000000076f380000,0x000000076f380000,0x000000076fe00000)
 ParOldGen       total 175104K, used 290K [0x00000006c1a00000, 0x00000006cc500000, 0x000000076b380000)
  object space 175104K, 0% used [0x00000006c1a00000,0x00000006c1a489d8,0x00000006cc500000)
 Metaspace       used 15993K, capacity 16246K, committed 16384K, reserved 1062912K
  class space    used 1907K, capacity 2006K, committed 2048K, reserved 1048576K
}
Event: 7.890 GC heap before
{Heap before GC invocations=3 (full 0):
 PSYoungGen      total 76288K, used 76278K [0x000000076b380000, 0x0000000770880000, 0x00000007c0000000)
  eden space 65536K, 100% used [0x000000076b380000,0x000000076f380000,0x000000076f380000)
  from space 10752K, 99% used [0x000000076fe00000,0x000000077087d968,0x0000000770880000)
  to   space 10752K, 0% used [0x000000076f380000,0x000000076f380000,0x000000076fe00000)
 ParOldGen       total 175104K, used 290K [0x00000006c1a00000, 0x00000006cc500000, 0x000000076b380000)
  object space 175104K, 0% used [0x00000006c1a00000,0x00000006c1a489d8,0x00000006cc500000)
 Metaspace       used 16511K, capacity 16856K, committed 17152K, reserved 1064960K
  class space    used 1925K, capacity 2011K, committed 2048K, reserved 1048576K
Event: 7.916 GC heap after
Heap after GC invocations=3 (full 0):
 PSYoungGen      total 76288K, used 10720K [0x000000076b380000, 0x0000000770880000, 0x00000007c0000000)
  eden space 65536K, 0% used [0x000000076b380000,0x000000076b380000,0x000000076f380000)
  from space 10752K, 99% used [0x000000076f380000,0x000000076fdf8040,0x000000076fe00000)
  to   space 10752K, 0% used [0x000000076fe00000,0x000000076fe00000,0x0000000770880000)
 ParOldGen       total 175104K, used 6393K [0x00000006c1a00000, 0x00000006cc500000, 0x000000076b380000)
  object space 175104K, 3% used [0x00000006c1a00000,0x00000006c203e620,0x00000006cc500000)
 Metaspace       used 16511K, capacity 16856K, committed 17152K, reserved 1064960K
  class space    used 1925K, capacity 2011K, committed 2048K, reserved 1048576K
}
Event: 9.707 GC heap before
{Heap before GC invocations=4 (full 0):
 PSYoungGen      total 76288K, used 76256K [0x000000076b380000, 0x0000000770880000, 0x00000007c0000000)
  eden space 65536K, 100% used [0x000000076b380000,0x000000076f380000,0x000000076f380000)
  from space 10752K, 99% used [0x000000076f380000,0x000000076fdf8040,0x000000076fe00000)
  to   space 10752K, 0% used [0x000000076fe00000,0x000000076fe00000,0x0000000770880000)
 ParOldGen       total 175104K, used 6393K [0x00000006c1a00000, 0x00000006cc500000, 0x000000076b380000)
  object space 175104K, 3% used [0x00000006c1a00000,0x00000006c203e620,0x00000006cc500000)
 Metaspace       used 16830K, capacity 17194K, committed 17408K, reserved 1064960K
  class space    used 1927K, capacity 2014K, committed 2048K, reserved 1048576K
Event: 9.733 GC heap after
Heap after GC invocations=4 (full 0):
 PSYoungGen      total 76288K, used 10736K [0x000000076b380000, 0x0000000774880000, 0x00000007c0000000)
  eden space 65536K, 0% used [0x000000076b380000,0x000000076b380000,0x000000076f380000)
  from space 10752K, 99% used [0x000000076fe00000,0x000000077087c050,0x0000000770880000)
  to   space 10752K, 0% used [0x000000076f380000,0x000000076f380000,0x000000076fe00000)
 ParOldGen       total 175104K, used 14379K [0x00000006c1a00000, 0x00000006cc500000, 0x000000076b380000)
  object space 175104K, 8% used [0x00000006c1a00000,0x00000006c280acd0,0x00000006cc500000)
 Metaspace       used 16830K, capacity 17194K, committed 17408K, reserved 1064960K
  class space    used 1927K, capacity 2014K, committed 2048K, reserved 1048576K
}
Event: 12.012 GC heap before
{Heap before GC invocations=5 (full 0):
 PSYoungGen      total 76288K, used 76272K [0x000000076b380000, 0x0000000774880000, 0x00000007c0000000)
  eden space 65536K, 100% used [0x000000076b380000,0x000000076f380000,0x000000076f380000)
  from space 10752K, 99% used [0x000000076fe00000,0x000000077087c050,0x0000000770880000)
  to   space 10752K, 0% used [0x000000076f380000,0x000000076f380000,0x000000076fe00000)
 ParOldGen       total 175104K, used 14379K [0x00000006c1a00000, 0x00000006cc500000, 0x000000076b380000)
  object space 175104K, 8% used [0x00000006c1a00000,0x00000006c280acd0,0x00000006cc500000)
 Metaspace       used 17493K, capacity 17896K, committed 18048K, reserved 1064960K
  class space    used 2005K, capacity 2119K, committed 2176K, reserved 1048576K
Event: 12.039 GC heap after
Heap after GC invocations=5 (full 0):
 PSYoungGen      total 76288K, used 10720K [0x000000076b380000, 0x0000000776080000, 0x00000007c0000000)
  eden space 65536K, 0% used [0x000000076b380000,0x000000076b380000,0x000000076f380000)
  from space 10752K, 99% used [0x000000076f380000,0x000000076fdf8020,0x000000076fe00000)
  to   space 23040K, 0% used [0x0000000774a00000,0x0000000774a00000,0x0000000776080000)
 ParOldGen       total 175104K, used 21843K [0x00000006c1a00000, 0x00000006cc500000, 0x000000076b380000)
  object space 175104K, 12% used [0x00000006c1a00000,0x00000006c2f54ec0,0x00000006cc500000)
 Metaspace       used 17493K, capacity 17896K, committed 18048K, reserved 1064960K
  class space    used 2005K, capacity 2119K, committed 2176K, reserved 1048576K
}

Deoptimization events (10 events):
Event: 14.332 Thread 0x00000000024b2800 Uncommon trap: reason=unstable_if action=reinterpret pc=0x00000000029411ec method=java.util.concurrent.ConcurrentHashMap.putVal(Ljava/lang/Object;Ljava/lang/Object;Z)Ljava/lang/Object; @ 206
Event: 14.334 Thread 0x00000000024b2800 Uncommon trap: reason=class_check action=maybe_recompile pc=0x0000000002ffd38c method=org.eclipse.sisu.wire.EntryListAdapter$ValueIterator.next()Ljava/lang/Object; @ 4
Event: 14.337 Thread 0x00000000024b2800 Uncommon trap: reason=class_check action=maybe_recompile pc=0x0000000002e16340 method=java.util.Collections$UnmodifiableMap.size()I @ 4
Event: 14.337 Thread 0x00000000024b2800 Uncommon trap: reason=class_check action=maybe_recompile pc=0x0000000002e284dc method=java.util.Collections$UnmodifiableMap$UnmodifiableEntrySet$1.<init>(Ljava/util/Collections$UnmodifiableMap$UnmodifiableEntrySet;)V @ 17
Event: 16.084 Thread 0x00000000024b2800 Uncommon trap: reason=class_check action=maybe_recompile pc=0x0000000002ffd38c method=org.eclipse.sisu.wire.EntryListAdapter$ValueIterator.next()Ljava/lang/Object; @ 4
Event: 16.084 Thread 0x00000000024b2800 Uncommon trap: reason=class_check action=maybe_recompile pc=0x00000000032409b4 method=java.util.Formatter$FormatSpecifier.printString(Ljava/lang/Object;Ljava/util/Locale;)V @ 98
Event: 16.089 Thread 0x00000000024b2800 Uncommon trap: reason=class_check action=maybe_recompile pc=0x0000000002e16340 method=java.util.Collections$UnmodifiableMap.size()I @ 4
Event: 16.089 Thread 0x00000000024b2800 Uncommon trap: reason=class_check action=maybe_recompile pc=0x0000000002e284dc method=java.util.Collections$UnmodifiableMap$UnmodifiableEntrySet$1.<init>(Ljava/util/Collections$UnmodifiableMap$UnmodifiableEntrySet;)V @ 17
Event: 161.397 Thread 0x000000001eb19000 Uncommon trap: reason=unstable_if action=reinterpret pc=0x0000000002708800 method=org.apache.commons.exec.LogOutputStream.write([BII)V @ 35
Event: 161.400 Thread 0x000000001eb19000 Uncommon trap: reason=unstable_if action=reinterpret pc=0x0000000002c0535c method=sun.nio.cs.UTF_8$Encoder.encodeArrayLoop(Ljava/nio/CharBuffer;Ljava/nio/ByteBuffer;)Ljava/nio/charset/CoderResult; @ 87

Internal exceptions (10 events):
Event: 4.954 Thread 0x00000000024b2800 Exception <a 'java/lang/NoClassDefFoundError': javax/annotation/Priority> (0x000000076c9f8c40) thrown at [C:\re\workspace\8-2-build-windows-amd64-cygwin\jdk8u101\7261\hotspot\src\share\vm\classfile\systemDictionary.cpp, line 199]
Event: 5.114 Thread 0x00000000024b2800 Implicit null exception at 0x0000000002796d18 to 0x0000000002796f0d
Event: 5.261 Thread 0x00000000024b2800 Implicit null exception at 0x00000000029315d4 to 0x0000000002931959
Event: 5.261 Thread 0x00000000024b2800 Implicit null exception at 0x00000000027ffd56 to 0x00000000028000a9
Event: 5.479 Thread 0x00000000024b2800 Implicit null exception at 0x0000000002bd87a7 to 0x0000000002bd9aa9
Event: 6.011 Thread 0x00000000024b2800 Implicit null exception at 0x0000000002cffd03 to 0x0000000002cfff4d
Event: 6.515 Thread 0x00000000024b2800 Implicit null exception at 0x0000000002dc9038 to 0x0000000002dca791
Event: 10.043 Thread 0x00000000024b2800 Implicit null exception at 0x00000000029837d5 to 0x00000000029839d5
Event: 10.046 Thread 0x00000000024b2800 Implicit null exception at 0x00000000028e0baf to 0x00000000028e0c19
Event: 11.111 Thread 0x00000000024b2800 Implicit null exception at 0x0000000002f21686 to 0x0000000002f21d21

Events (10 events):
Event: 79.801 Thread 0x000000001bbec800 flushing nmethod 0x0000000002dc8c10
Event: 79.801 Thread 0x000000001bbec800 flushing nmethod 0x0000000002dddb90
Event: 82.161 Thread 0x000000001eb19000 DEOPT PACKING pc=0x0000000002728013 sp=0x00000000231aefa0
Event: 82.161 Thread 0x000000001eb19000 DEOPT UNPACKING pc=0x00000000025f787f sp=0x00000000231aecd0 mode 0
Event: 161.397 Thread 0x000000001eb19000 Uncommon trap: trap_request=0xffffff65 fr.pc=0x0000000002708800
Event: 161.397 Thread 0x000000001eb19000 DEOPT PACKING pc=0x0000000002708800 sp=0x00000000231aef50
Event: 161.397 Thread 0x000000001eb19000 DEOPT UNPACKING pc=0x00000000025f582a sp=0x00000000231aef50 mode 2
Event: 161.400 Thread 0x000000001eb19000 Uncommon trap: trap_request=0xffffff65 fr.pc=0x0000000002c0535c
Event: 161.400 Thread 0x000000001eb19000 DEOPT PACKING pc=0x0000000002c0535c sp=0x00000000231aea70
Event: 161.401 Thread 0x000000001eb19000 DEOPT UNPACKING pc=0x00000000025f582a sp=0x00000000231ae9d0 mode 2


Dynamic libraries:
0x00007ff610d80000 - 0x00007ff610db7000 	C:\Program Files\Java\jdk1.8.0_101\bin\java.exe
0x00007ff9ae840000 - 0x00007ff9aea30000 	C:\WINDOWS\SYSTEM32\ntdll.dll
0x00007ff9ac8f0000 - 0x00007ff9ac9a2000 	C:\WINDOWS\System32\KERNEL32.DLL
0x00007ff9ac1c0000 - 0x00007ff9ac465000 	C:\WINDOWS\System32\KERNELBASE.dll
0x00007ff9ae520000 - 0x00007ff9ae5c3000 	C:\WINDOWS\System32\ADVAPI32.dll
0x00007ff9ae760000 - 0x00007ff9ae7fe000 	C:\WINDOWS\System32\msvcrt.dll
0x00007ff9ad8d0000 - 0x00007ff9ad967000 	C:\WINDOWS\System32\sechost.dll
0x00007ff9ad3d0000 - 0x00007ff9ad4ef000 	C:\WINDOWS\System32\RPCRT4.dll
0x00007ff9ae380000 - 0x00007ff9ae514000 	C:\WINDOWS\System32\USER32.dll
0x00007ff9ac820000 - 0x00007ff9ac841000 	C:\WINDOWS\System32\win32u.dll
0x00007ff9ae730000 - 0x00007ff9ae756000 	C:\WINDOWS\System32\GDI32.dll
0x00007ff9ac470000 - 0x00007ff9ac608000 	C:\WINDOWS\System32\gdi32full.dll
0x00007ff9ac850000 - 0x00007ff9ac8ee000 	C:\WINDOWS\System32\msvcp_win.dll
0x00007ff9abf80000 - 0x00007ff9ac07a000 	C:\WINDOWS\System32\ucrtbase.dll
0x00007ff99b670000 - 0x00007ff99b8f4000 	C:\WINDOWS\WinSxS\amd64_microsoft.windows.common-controls_6595b64144ccf1df_6.0.18362.1556_none_9e7e372fe45e41d5\COMCTL32.dll
0x00007ff9adfe0000 - 0x00007ff9ae316000 	C:\WINDOWS\System32\combase.dll
0x00007ff9ac080000 - 0x00007ff9ac101000 	C:\WINDOWS\System32\bcryptPrimitives.dll
0x00007ff9ad970000 - 0x00007ff9ad99e000 	C:\WINDOWS\System32\IMM32.DLL
0x0000000053950000 - 0x0000000053a22000 	C:\Program Files\Java\jdk1.8.0_101\jre\bin\msvcr100.dll
0x00000000530b0000 - 0x000000005394a000 	C:\Program Files\Java\jdk1.8.0_101\jre\bin\server\jvm.dll
0x00007ff9ad9d0000 - 0x00007ff9ad9d8000 	C:\WINDOWS\System32\PSAPI.DLL
0x00007ff9a18a0000 - 0x00007ff9a18c4000 	C:\WINDOWS\SYSTEM32\WINMM.dll
0x00007ff9a3900000 - 0x00007ff9a390a000 	C:\WINDOWS\SYSTEM32\VERSION.dll
0x00007ff992d50000 - 0x00007ff992d59000 	C:\WINDOWS\SYSTEM32\WSOCK32.dll
0x00007ff9ad710000 - 0x00007ff9ad77f000 	C:\WINDOWS\System32\WS2_32.dll
0x00007ff9a1870000 - 0x00007ff9a189d000 	C:\WINDOWS\SYSTEM32\winmmbase.dll
0x00007ff9ac170000 - 0x00007ff9ac1ba000 	C:\WINDOWS\System32\cfgmgr32.dll
0x0000000055b90000 - 0x0000000055b9f000 	C:\Program Files\Java\jdk1.8.0_101\jre\bin\verify.dll
0x0000000053fb0000 - 0x0000000053fd9000 	C:\Program Files\Java\jdk1.8.0_101\jre\bin\java.dll
0x0000000053080000 - 0x00000000530a3000 	C:\Program Files\Java\jdk1.8.0_101\jre\bin\instrument.dll
0x0000000053f90000 - 0x0000000053fa6000 	C:\Program Files\Java\jdk1.8.0_101\jre\bin\zip.dll
0x00007ff9aca10000 - 0x00007ff9ad0f7000 	C:\WINDOWS\System32\SHELL32.dll
0x00007ff9ad9e0000 - 0x00007ff9ada88000 	C:\WINDOWS\System32\shcore.dll
0x00007ff9ab7b0000 - 0x00007ff9abf2b000 	C:\WINDOWS\System32\windows.storage.dll
0x00007ff9ab700000 - 0x00007ff9ab71e000 	C:\WINDOWS\System32\profapi.dll
0x00007ff9ab740000 - 0x00007ff9ab78a000 	C:\WINDOWS\System32\powrprof.dll
0x00007ff9ab6f0000 - 0x00007ff9ab700000 	C:\WINDOWS\System32\UMPDC.dll
0x00007ff9ae320000 - 0x00007ff9ae372000 	C:\WINDOWS\System32\shlwapi.dll
0x00007ff9ab720000 - 0x00007ff9ab731000 	C:\WINDOWS\System32\kernel.appcore.dll
0x00007ff9abf60000 - 0x00007ff9abf77000 	C:\WINDOWS\System32\cryptsp.dll
0x00007ff9a4170000 - 0x00007ff9a418a000 	C:\Program Files\JetBrains\IntelliJ IDEA 2021.1.3\bin\breakgen64.dll
0x0000000053f70000 - 0x0000000053f8a000 	C:\Program Files\Java\jdk1.8.0_101\jre\bin\net.dll
0x00007ff9aaee0000 - 0x00007ff9aaf47000 	C:\WINDOWS\system32\mswsock.dll
0x00007ff9aaa70000 - 0x00007ff9aaaa3000 	C:\WINDOWS\system32\rsaenh.dll
0x00007ff9abf30000 - 0x00007ff9abf56000 	C:\WINDOWS\System32\bcrypt.dll
0x00007ff9ab610000 - 0x00007ff9ab635000 	C:\WINDOWS\SYSTEM32\USERENV.dll
0x00007ff9ab060000 - 0x00007ff9ab06c000 	C:\WINDOWS\SYSTEM32\CRYPTBASE.dll
0x00007ff9aac00000 - 0x00007ff9aac3a000 	C:\WINDOWS\SYSTEM32\IPHLPAPI.DLL
0x00007ff9ad8c0000 - 0x00007ff9ad8c8000 	C:\WINDOWS\System32\NSI.dll
0x00007ff9a2fd0000 - 0x00007ff9a2fe6000 	C:\WINDOWS\SYSTEM32\dhcpcsvc6.DLL
0x00007ff9a2e70000 - 0x00007ff9a2e8c000 	C:\WINDOWS\SYSTEM32\dhcpcsvc.DLL
0x00007ff9aac40000 - 0x00007ff9aad0b000 	C:\WINDOWS\SYSTEM32\DNSAPI.dll
0x0000000053f50000 - 0x0000000053f61000 	C:\Program Files\Java\jdk1.8.0_101\jre\bin\nio.dll
0x00007ff9a7700000 - 0x00007ff9a770a000 	C:\Users\sajeev\AppData\Local\Temp\jansi-1.17.1-1152831646777781091.dll
0x00007ff9a5550000 - 0x00007ff9a555a000 	C:\Users\sajeev\AppData\Local\Temp\jansi-1.17.1-1122858995346217452.dll

VM Arguments:
jvm_args: -Dmaven.multiModuleProjectDirectory=C:\Users\sajeev\IdeaProjects\pfs-portal\lms-enquiry -Dmaven.home=C:\Program Files\JetBrains\IntelliJ IDEA 2021.1.3\plugins\maven\lib\maven3 -Dclassworlds.conf=C:\Program Files\JetBrains\IntelliJ IDEA 2021.1.3\plugins\maven\lib\maven3\bin\m2.conf -Dmaven.ext.class.path=C:\Program Files\JetBrains\IntelliJ IDEA 2021.1.3\plugins\maven\lib\maven-event-listener.jar -javaagent:C:\Program Files\JetBrains\IntelliJ IDEA 2021.1.3\lib\idea_rt.jar=49602:C:\Program Files\JetBrains\IntelliJ IDEA 2021.1.3\bin -Dfile.encoding=UTF-8 
java_command: org.codehaus.classworlds.Launcher -Didea.version=2021.1.3 compile
java_class_path (initial): C:\Program Files\JetBrains\IntelliJ IDEA 2021.1.3\plugins\maven\lib\maven3\boot\plexus-classworlds-2.6.0.jar;C:\Program Files\JetBrains\IntelliJ IDEA 2021.1.3\plugins\maven\lib\maven3\boot\plexus-classworlds.license;C:\Program Files\JetBrains\IntelliJ IDEA 2021.1.3\lib\idea_rt.jar
Launcher Type: SUN_STANDARD

Environment Variables:
PATH=C:\ProgramData\DockerDesktop\version-bin;C:\Program Files\Docker\Docker\Resources\bin;C:\ProgramData\Oracle\Java\javapath;C:\Program Files (x86)\Intel\iCLS Client\;C:\Program Files\Intel\iCLS Client\;C:\Windows\system32;C:\Windows;C:\Windows\System32\Wbem;C:\Windows\System32\WindowsPowerShell\v1.0\;C:\WINDOWS\system32;C:\WINDOWS;C:\WINDOWS\System32\Wbem;C:\WINDOWS\System32\WindowsPowerShell\v1.0\;C:\Program Files\Git\cmd;C:\Program Files\Git\mingw64\bin;C:\Program Files\Git\usr\bin;C:\Program Files (x86)\Intel\Intel(R) Management Engine Components\DAL;C:\Program Files\Intel\Intel(R) Management Engine Components\DAL;C:\Program Files (x86)\Intel\Intel(R) Management Engine Components\IPT;C:\Program Files\Intel\Intel(R) Management Engine Components\IPT;C:\adb;C:\WINDOWS\system32;C:\WINDOWS;C:\WINDOWS\System32\Wbem;C:\WINDOWS\System32\WindowsPowerShell\v1.0\;C:\Program Files (x86)\NVIDIA Corporation\PhysX\Common;C:\Program Files\PuTTY\;C:\gradle-4.0.2-all\gradle-4.0.2\bin;C:\Program Files (x86)\Windows Kits\8.1\Windows Performance Toolkit\;C:\WINDOWS\System32\OpenSSH\;C:\Program Files\Intel\WiFi\bin\;C:\Program Files\Common Files\Intel\WirelessCommon\;C:\Program Files\nodejs\;C:\Program Files\Docker\Docker\resources\bin;C:\Users\sajeev\AppData\Local\JSONBuddy;C:\Users\sajeev\AppData\Local\Microsoft\WindowsApps;C:\Users\sajeev\AppData\Roaming\npm;C:\Users\sajeev\AppData\Local\GitHubDesktop\bin;C:\Program Files\JetBrains\IntelliJ IDEA 2021.1.3\bin;
USERNAME=sajeev
OS=Windows_NT
PROCESSOR_IDENTIFIER=Intel64 Family 6 Model 61 Stepping 4, GenuineIntel



---------------  S Y S T E M  ---------------

OS: Windows 10.0 , 64 bit Build 18362 (10.0.18362.1500)

CPU:total 4 (2 cores per cpu, 2 threads per core) family 6 model 61 stepping 4, cmov, cx8, fxsr, mmx, sse, sse2, sse3, ssse3, sse4.1, sse4.2, popcnt, avx, avx2, aes, clmul, erms, rtm, 3dnowpref, lzcnt, ht, tsc, tscinvbit, bmi1, bmi2, adx

Memory: 4k page, physical 16665876k(3289960k free), swap 21785876k(3524k free)

vm_info: Java HotSpot(TM) 64-Bit Server VM (25.101-b13) for windows-amd64 JRE (1.8.0_101-b13), built on Jun 22 2016 01:21:29 by "java_re" with MS VC++ 10.0 (VS2010)

time: Mon Jul 05 21:51:48 2021
elapsed time: 161 seconds (0d 0h 2m 41s)

